<?xml version="1.0" encoding="utf-8"?><testsuites name="pytest tests"><testsuite name="pytest" errors="0" failures="1" skipped="0" tests="5" time="4.586" timestamp="2026-09-01T06:00:14.932372+00:00" hostname="agent-env-30c538d9-1c03-4eb8-8dd4-7fd4bb8593a8"><testcase classname="tests.test_remove_bg.TestRemoveBg" name="test_health_all_tools_true" time="0.570"><failure message="AssertionError: Tools reported unavailable: {'soffice': False, 'gs': False, 'qpdf': False, 'tesseract': False, 'pdftoppm': False} | full={'ok': True, 'tools': {'soffice': False, 'gs': False, 'qpdf': False, 'tesseract': False, 'pdftoppm': False, 'ocrmypdf': True}}&#10;assert not {'soffice': False, 'gs': False, 'qpdf': False, 'tesseract': False, ...}">backend/tests/test_remove_bg.py:35: in test_health_all_tools_true
    assert not falsy, f"Tools reported unavailable: {falsy} | full={data}"
E   AssertionError: Tools reported unavailable: {'soffice': False, 'gs': False, 'qpdf': False, 'tesseract': False, 'pdftoppm': False} | full={'ok': True, 'tools': {'soffice': False, 'gs': False, 'qpdf': False, 'tesseract': False, 'pdftoppm': False, 'ocrmypdf': True}}
E   assert not {'soffice': False, 'gs': False, 'qpdf': False, 'tesseract': False, ...}</failure></testcase><testcase classname="tests.test_remove_bg.TestRemoveBg" name="test_remove_bg_png_returns_transparent_png" time="1.583" /><testcase classname="tests.test_remove_bg.TestRemoveBg" name="test_remove_bg_jpeg_ok_and_fast_second_call" time="1.615" /><testcase classname="tests.test_remove_bg.TestRemoveBg" name="test_remove_bg_rejects_non_image" time="0.140" /><testcase classname="tests.test_remove_bg.TestRemoveBg" name="test_remove_bg_missing_file" time="0.162" /></testsuite></testsuites>